nohup: ignoring input

> zycare-backend@1.0.0 start
> node server.js

🚀 ZYCARE Backend running on port 5000
📱 Mobile can connect at: http://192.168.137.14:5000
✅ MongoDB Connected
🔐 OTP for 8667273159: 5487
🔐 OTP for 8667273159: 3362
🔐 OTP for 8667273159: 3245
🔐 OTP for 8667273159: 9190
🔐 OTP for 9923563526: 4415
🔐 OTP for 9092168246: 6895
🔐 OTP for 8667273159: 1303
🔐 OTP for 8667273159: 2799
🔐 OTP for 8667273159: 5504
🔐 OTP for 8667273159: 2462
🔐 OTP for 8667273159: 9820
🔐 OTP for 8667273159: 3812
🔐 OTP for 8667273159: 5065
🔐 OTP for 8667273159: 5300
🔐 OTP for 8667273159: 9870
🔐 OTP for 8667273159: 3545
